-- The C compiler identification is GNU 11.4.0
-- The CXX compiler identification is GNU 11.4.0
-- Detecting C compiler ABI info
-- Detecting C compiler ABI info - done
-- Check for working C compiler: /usr/bin/cc - skipped
-- Detecting C compile features
-- Detecting C compile features - done
-- Detecting CXX compiler ABI info
-- Detecting CXX compiler ABI info - done
-- Check for working CXX compiler: /usr/bin/c++ - skipped
-- Detecting CXX compile features
-- Detecting CXX compile features - done
-- Found ament_cmake: 1.3.10 (/opt/ros/humble/share/ament_cmake/cmake)
-- Found Python3: /usr/bin/python3 (found version "3.10.12") found components: Interpreter 
-- Configuring done
-- Generating done
-- Build files have been written to: /home/lucasm/assembly_description/build/assembly_description
-- Install configuration: ""
-- Installing: /home/lucasm/assembly_description/install/assembly_description/share/assembly_description/launch
-- Installing: /home/lucasm/assembly_description/install/assembly_description/share/assembly_description/launch/gazebo.launch
-- Installing: /home/lucasm/assembly_description/install/assembly_description/share/assembly_description/launch/display.launch
-- Installing: /home/lucasm/assembly_description/install/assembly_description/share/assembly_description/launch/controller.launch
-- Installing: /home/lucasm/assembly_description/install/assembly_description/share/assembly_description/launch/spawn_robot.launch.py
-- Installing: /home/lucasm/assembly_description/install/assembly_description/share/assembly_description/launch/urdf.rviz
-- Installing: /home/lucasm/assembly_description/install/assembly_description/share/assembly_description/launch/controller.yaml
-- Installing: /home/lucasm/assembly_description/install/assembly_description/share/assembly_description/meshes
-- Installing: /home/lucasm/assembly_description/install/assembly_description/share/assembly_description/meshes/Packages (1).stl
-- Installing: /home/lucasm/assembly_description/install/assembly_description/share/assembly_description/meshes/530480650 (1)_1.stl
-- Installing: /home/lucasm/assembly_description/install/assembly_description/share/assembly_description/meshes/Uproszczony prymityw (27) (1).stl
-- Installing: /home/lucasm/assembly_description/install/assembly_description/share/assembly_description/meshes/Uproszczony prymityw (17) (1).stl
-- Installing: /home/lucasm/assembly_description/install/assembly_description/share/assembly_description/meshes/Uproszczony prymityw (40) (1).stl
-- Installing: /home/lucasm/assembly_description/install/assembly_description/share/assembly_description/meshes/Uproszczony prymityw (35).stl
-- Installing: /home/lucasm/assembly_description/install/assembly_description/share/assembly_description/meshes/530480650_1.stl
-- Installing: /home/lucasm/assembly_description/install/assembly_description/share/assembly_description/meshes/43045-0600_6.stl
-- Installing: /home/lucasm/assembly_description/install/assembly_description/share/assembly_description/meshes/Komponent245 (1).stl
-- Installing: /home/lucasm/assembly_description/install/assembly_description/share/assembly_description/meshes/43045-0600 (1)_6.stl
-- Installing: /home/lucasm/assembly_description/install/assembly_description/share/assembly_description/meshes/Uproszczony prymityw (10).stl
-- Installing: /home/lucasm/assembly_description/install/assembly_description/share/assembly_description/meshes/AKC-80-NR - NEW AK80 COVER MD80_2.0 v6_1.stl
-- Installing: /home/lucasm/assembly_description/install/assembly_description/share/assembly_description/meshes/Uproszczony prymityw (5).stl
-- Installing: /home/lucasm/assembly_description/install/assembly_description/share/assembly_description/meshes/Uproszczony prymityw (24) (1).stl
-- Installing: /home/lucasm/assembly_description/install/assembly_description/share/assembly_description/meshes/AKC-80-NR - NEW AK80 COVER MD80_2.0 v6.stl
-- Installing: /home/lucasm/assembly_description/install/assembly_description/share/assembly_description/meshes/base_link.stl
-- Installing: /home/lucasm/assembly_description/install/assembly_description/share/assembly_description/meshes/Komponent389_1.stl
-- Installing: /home/lucasm/assembly_description/install/assembly_description/share/assembly_description/meshes/43045-0600.stl
-- Installing: /home/lucasm/assembly_description/install/assembly_description/share/assembly_description/meshes/Uproszczony prymityw (25) (1).stl
-- Installing: /home/lucasm/assembly_description/install/assembly_description/share/assembly_description/meshes/530480850 (1)_2.stl
-- Installing: /home/lucasm/assembly_description/install/assembly_description/share/assembly_description/meshes/43045-0600 (1)_2.stl
-- Installing: /home/lucasm/assembly_description/install/assembly_description/share/assembly_description/meshes/Komponent390_1.stl
-- Installing: /home/lucasm/assembly_description/install/assembly_description/share/assembly_description/meshes/Uproszczony prymityw (24).stl
-- Installing: /home/lucasm/assembly_description/install/assembly_description/share/assembly_description/meshes/Packages (1)_2.stl
-- Installing: /home/lucasm/assembly_description/install/assembly_description/share/assembly_description/meshes/Uproszczony prymityw (48) (1).stl
-- Installing: /home/lucasm/assembly_description/install/assembly_description/share/assembly_description/meshes/43045-0600_2.stl
-- Installing: /home/lucasm/assembly_description/install/assembly_description/share/assembly_description/meshes/Part378.stl
-- Installing: /home/lucasm/assembly_description/install/assembly_description/share/assembly_description/meshes/Uproszczony prymityw (23) (1).stl
-- Installing: /home/lucasm/assembly_description/install/assembly_description/share/assembly_description/meshes/Uproszczony prymityw (47) (1).stl
-- Installing: /home/lucasm/assembly_description/install/assembly_description/share/assembly_description/meshes/Uproszczony prymityw (9).stl
-- Installing: /home/lucasm/assembly_description/install/assembly_description/share/assembly_description/meshes/43045-0600 (1)_5.stl
-- Installing: /home/lucasm/assembly_description/install/assembly_description/share/assembly_description/meshes/Uproszczony prymityw (43) (1).stl
-- Installing: /home/lucasm/assembly_description/install/assembly_description/share/assembly_description/meshes/Uproszczony prymityw (23).stl
-- Installing: /home/lucasm/assembly_description/install/assembly_description/share/assembly_description/meshes/Uproszczony prymityw (42) (1).stl
-- Installing: /home/lucasm/assembly_description/install/assembly_description/share/assembly_description/meshes/Packages_3.stl
-- Installing: /home/lucasm/assembly_description/install/assembly_description/share/assembly_description/meshes/Uproszczony prymityw (39) (1).stl
-- Installing: /home/lucasm/assembly_description/install/assembly_description/share/assembly_description/meshes/MD80_HW_2.1_simplified v1.stl
-- Installing: /home/lucasm/assembly_description/install/assembly_description/share/assembly_description/meshes/43045-0600 (1).stl
-- Installing: /home/lucasm/assembly_description/install/assembly_description/share/assembly_description/meshes/MD80_HW_2.1_simplified v1_1.stl
-- Installing: /home/lucasm/assembly_description/install/assembly_description/share/assembly_description/meshes/43045-0600_4.stl
-- Installing: /home/lucasm/assembly_description/install/assembly_description/share/assembly_description/meshes/Board_3.stl
-- Installing: /home/lucasm/assembly_description/install/assembly_description/share/assembly_description/meshes/Uproszczony prymityw (38).stl
-- Installing: /home/lucasm/assembly_description/install/assembly_description/share/assembly_description/meshes/Uproszczony prymityw (27).stl
-- Installing: /home/lucasm/assembly_description/install/assembly_description/share/assembly_description/meshes/Packages.stl
-- Installing: /home/lucasm/assembly_description/install/assembly_description/share/assembly_description/meshes/Uproszczony prymityw (13) (1).stl
-- Installing: /home/lucasm/assembly_description/install/assembly_description/share/assembly_description/meshes/Uproszczony prymityw (50) (1).stl
-- Installing: /home/lucasm/assembly_description/install/assembly_description/share/assembly_description/meshes/Uproszczony prymityw (26) (1).stl
-- Installing: /home/lucasm/assembly_description/install/assembly_description/share/assembly_description/meshes/Uproszczony prymityw (47).stl
-- Installing: /home/lucasm/assembly_description/install/assembly_description/share/assembly_description/meshes/Uproszczony prymityw (14) (1).stl
-- Installing: /home/lucasm/assembly_description/install/assembly_description/share/assembly_description/meshes/MD80_HW_2.1_simplified v7_1.stl
-- Installing: /home/lucasm/assembly_description/install/assembly_description/share/assembly_description/meshes/K.02 AK80-9-V2.1 v1_3.stl
-- Installing: /home/lucasm/assembly_description/install/assembly_description/share/assembly_description/meshes/Uproszczony prymityw (19).stl
-- Installing: /home/lucasm/assembly_description/install/assembly_description/share/assembly_description/meshes/K.02 AK80-9-V2.1 v1_1.stl
-- Installing: /home/lucasm/assembly_description/install/assembly_description/share/assembly_description/meshes/Board.stl
-- Installing: /home/lucasm/assembly_description/install/assembly_description/share/assembly_description/meshes/Uproszczony prymityw (34).stl
-- Installing: /home/lucasm/assembly_description/install/assembly_description/share/assembly_description/meshes/Uproszczony prymityw (48).stl
-- Installing: /home/lucasm/assembly_description/install/assembly_description/share/assembly_description/meshes/Uproszczony prymityw (16).stl
-- Installing: /home/lucasm/assembly_description/install/assembly_description/share/assembly_description/meshes/Uproszczony prymityw (18).stl
-- Installing: /home/lucasm/assembly_description/install/assembly_description/share/assembly_description/meshes/DIN 912 - M4 v2.stl
-- Installing: /home/lucasm/assembly_description/install/assembly_description/share/assembly_description/meshes/Uproszczony prymityw (11).stl
-- Installing: /home/lucasm/assembly_description/install/assembly_description/share/assembly_description/meshes/530480850_2.stl
-- Installing: /home/lucasm/assembly_description/install/assembly_description/share/assembly_description/meshes/530480850_1.stl
-- Installing: /home/lucasm/assembly_description/install/assembly_description/share/assembly_description/meshes/MD80_HW_2.1_simplified v7_2.stl
-- Installing: /home/lucasm/assembly_description/install/assembly_description/share/assembly_description/meshes/Uproszczony prymityw (25).stl
-- Installing: /home/lucasm/assembly_description/install/assembly_description/share/assembly_description/meshes/Blacha góra v3.stl
-- Installing: /home/lucasm/assembly_description/install/assembly_description/share/assembly_description/meshes/Uproszczony prymityw (19) (1).stl
-- Installing: /home/lucasm/assembly_description/install/assembly_description/share/assembly_description/meshes/Uproszczony prymityw (30) (1).stl
-- Installing: /home/lucasm/assembly_description/install/assembly_description/share/assembly_description/meshes/Uproszczony prymityw (45).stl
-- Installing: /home/lucasm/assembly_description/install/assembly_description/share/assembly_description/meshes/Packages (1)_1.stl
-- Installing: /home/lucasm/assembly_description/install/assembly_description/share/assembly_description/meshes/530480850_3.stl
-- Installing: /home/lucasm/assembly_description/install/assembly_description/share/assembly_description/meshes/Uproszczony prymityw (28) (1).stl
-- Installing: /home/lucasm/assembly_description/install/assembly_description/share/assembly_description/meshes/43045-0600 (1)_1.stl
-- Installing: /home/lucasm/assembly_description/install/assembly_description/share/assembly_description/meshes/530480650 (1).stl
-- Installing: /home/lucasm/assembly_description/install/assembly_description/share/assembly_description/meshes/AKC-80-NR - NEW AK80 COVER MD80_2.0 v6_3.stl
-- Installing: /home/lucasm/assembly_description/install/assembly_description/share/assembly_description/meshes/Uproszczony prymityw (10) (1).stl
-- Installing: /home/lucasm/assembly_description/install/assembly_description/share/assembly_description/meshes/Uproszczony prymityw (32).stl
-- Installing: /home/lucasm/assembly_description/install/assembly_description/share/assembly_description/meshes/Felga FDM v28.stl
-- Installing: /home/lucasm/assembly_description/install/assembly_description/share/assembly_description/meshes/Uproszczony prymityw (49).stl
-- Installing: /home/lucasm/assembly_description/install/assembly_description/share/assembly_description/meshes/43045-0600_1.stl
-- Installing: /home/lucasm/assembly_description/install/assembly_description/share/assembly_description/meshes/Uproszczony prymityw (4).stl
-- Installing: /home/lucasm/assembly_description/install/assembly_description/share/assembly_description/meshes/Uproszczony prymityw (20) (1).stl
-- Installing: /home/lucasm/assembly_description/install/assembly_description/share/assembly_description/meshes/530480850 (1)_3.stl
-- Installing: /home/lucasm/assembly_description/install/assembly_description/share/assembly_description/meshes/Uproszczony prymityw (13).stl
-- Installing: /home/lucasm/assembly_description/install/assembly_description/share/assembly_description/meshes/MD80_HW_2.1_simplified v7.stl
-- Installing: /home/lucasm/assembly_description/install/assembly_description/share/assembly_description/meshes/Uproszczony prymityw (41).stl
-- Installing: /home/lucasm/assembly_description/install/assembly_description/share/assembly_description/meshes/Uproszczony prymityw (35) (1).stl
-- Installing: /home/lucasm/assembly_description/install/assembly_description/share/assembly_description/meshes/Uproszczony prymityw (20).stl
-- Installing: /home/lucasm/assembly_description/install/assembly_description/share/assembly_description/meshes/Uproszczony prymityw (17).stl
-- Installing: /home/lucasm/assembly_description/install/assembly_description/share/assembly_description/meshes/Komponent618 (1).stl
-- Installing: /home/lucasm/assembly_description/install/assembly_description/share/assembly_description/meshes/Uproszczony prymityw (8).stl
-- Installing: /home/lucasm/assembly_description/install/assembly_description/share/assembly_description/meshes/K.02 AK80-9-V2.1 v1.stl
-- Installing: /home/lucasm/assembly_description/install/assembly_description/share/assembly_description/meshes/Uproszczony prymityw (41) (1).stl
-- Installing: /home/lucasm/assembly_description/install/assembly_description/share/assembly_description/meshes/Uproszczony prymityw (49) (1).stl
-- Installing: /home/lucasm/assembly_description/install/assembly_description/share/assembly_description/meshes/Uproszczony prymityw (33).stl
-- Installing: /home/lucasm/assembly_description/install/assembly_description/share/assembly_description/meshes/Uproszczony prymityw (36) (1).stl
-- Installing: /home/lucasm/assembly_description/install/assembly_description/share/assembly_description/meshes/Uproszczony prymityw (21).stl
-- Installing: /home/lucasm/assembly_description/install/assembly_description/share/assembly_description/meshes/Uproszczony prymityw (12) (1).stl
-- Installing: /home/lucasm/assembly_description/install/assembly_description/share/assembly_description/meshes/Uproszczony prymityw (6).stl
-- Installing: /home/lucasm/assembly_description/install/assembly_description/share/assembly_description/meshes/Board_1.stl
-- Installing: /home/lucasm/assembly_description/install/assembly_description/share/assembly_description/meshes/Uproszczony prymityw (5) (1).stl
-- Installing: /home/lucasm/assembly_description/install/assembly_description/share/assembly_description/meshes/530480650 (1)_2.stl
-- Installing: /home/lucasm/assembly_description/install/assembly_description/share/assembly_description/meshes/530480850 (1)_1.stl
-- Installing: /home/lucasm/assembly_description/install/assembly_description/share/assembly_description/meshes/Uproszczony prymityw (22).stl
-- Installing: /home/lucasm/assembly_description/install/assembly_description/share/assembly_description/meshes/Opona v18.stl
-- Installing: /home/lucasm/assembly_description/install/assembly_description/share/assembly_description/meshes/Part376.stl
-- Installing: /home/lucasm/assembly_description/install/assembly_description/share/assembly_description/meshes/Uproszczony prymityw (38) (1).stl
-- Installing: /home/lucasm/assembly_description/install/assembly_description/share/assembly_description/meshes/MD80_HW_2.1_simplified v1_3.stl
-- Installing: /home/lucasm/assembly_description/install/assembly_description/share/assembly_description/meshes/Board (1).stl
-- Installing: /home/lucasm/assembly_description/install/assembly_description/share/assembly_description/meshes/Part380.stl
-- Installing: /home/lucasm/assembly_description/install/assembly_description/share/assembly_description/meshes/530480850 (1).stl
-- Installing: /home/lucasm/assembly_description/install/assembly_description/share/assembly_description/meshes/Uproszczony prymityw (42).stl
-- Installing: /home/lucasm/assembly_description/install/assembly_description/share/assembly_description/meshes/Board (1)_2.stl
-- Installing: /home/lucasm/assembly_description/install/assembly_description/share/assembly_description/meshes/AKC-80-NR - NEW AK80 COVER MD80_2.0 v6_2.stl
-- Installing: /home/lucasm/assembly_description/install/assembly_description/share/assembly_description/meshes/Uproszczony prymityw (46).stl
-- Installing: /home/lucasm/assembly_description/install/assembly_description/share/assembly_description/meshes/Uproszczony prymityw (37) (1).stl
-- Installing: /home/lucasm/assembly_description/install/assembly_description/share/assembly_description/meshes/Uproszczony prymityw (33) (1).stl
-- Installing: /home/lucasm/assembly_description/install/assembly_description/share/assembly_description/meshes/Uproszczony prymityw (7) (1).stl
-- Installing: /home/lucasm/assembly_description/install/assembly_description/share/assembly_description/meshes/Packages (1)_3.stl
-- Installing: /home/lucasm/assembly_description/install/assembly_description/share/assembly_description/meshes/Komponent319 (1).stl
-- Installing: /home/lucasm/assembly_description/install/assembly_description/share/assembly_description/meshes/530480650 (1)_3.stl
-- Installing: /home/lucasm/assembly_description/install/assembly_description/share/assembly_description/meshes/Uproszczony prymityw (36).stl
-- Installing: /home/lucasm/assembly_description/install/assembly_description/share/assembly_description/meshes/Part342.stl
-- Installing: /home/lucasm/assembly_description/install/assembly_description/share/assembly_description/meshes/530480650_2.stl
-- Installing: /home/lucasm/assembly_description/install/assembly_description/share/assembly_description/meshes/Uproszczony prymityw (44).stl
-- Installing: /home/lucasm/assembly_description/install/assembly_description/share/assembly_description/meshes/Uproszczony prymityw (39).stl
-- Installing: /home/lucasm/assembly_description/install/assembly_description/share/assembly_description/meshes/Uproszczony prymityw (4) (1).stl
-- Installing: /home/lucasm/assembly_description/install/assembly_description/share/assembly_description/meshes/Uproszczony prymityw (34) (1).stl
-- Installing: /home/lucasm/assembly_description/install/assembly_description/share/assembly_description/meshes/Uproszczony prymityw (31) (1).stl
-- Installing: /home/lucasm/assembly_description/install/assembly_description/share/assembly_description/meshes/Uproszczony prymityw (15) (1).stl
-- Installing: /home/lucasm/assembly_description/install/assembly_description/share/assembly_description/meshes/Uproszczony prymityw (15).stl
-- Installing: /home/lucasm/assembly_description/install/assembly_description/share/assembly_description/meshes/Komponent319.stl
-- Installing: /home/lucasm/assembly_description/install/assembly_description/share/assembly_description/meshes/Uproszczony prymityw (28).stl
-- Installing: /home/lucasm/assembly_description/install/assembly_description/share/assembly_description/meshes/Uproszczony prymityw (6) (1).stl
-- Installing: /home/lucasm/assembly_description/install/assembly_description/share/assembly_description/meshes/Komponent387_1.stl
-- Installing: /home/lucasm/assembly_description/install/assembly_description/share/assembly_description/meshes/Board (1)_1.stl
-- Installing: /home/lucasm/assembly_description/install/assembly_description/share/assembly_description/meshes/Docisk opony v5.stl
-- Installing: /home/lucasm/assembly_description/install/assembly_description/share/assembly_description/meshes/Uproszczony prymityw (22) (1).stl
-- Installing: /home/lucasm/assembly_description/install/assembly_description/share/assembly_description/meshes/43045-0600 (1)_3.stl
-- Installing: /home/lucasm/assembly_description/install/assembly_description/share/assembly_description/meshes/Uproszczony prymityw (45) (1).stl
-- Installing: /home/lucasm/assembly_description/install/assembly_description/share/assembly_description/meshes/Komponent388_1.stl
-- Installing: /home/lucasm/assembly_description/install/assembly_description/share/assembly_description/meshes/Komponent245.stl
-- Installing: /home/lucasm/assembly_description/install/assembly_description/share/assembly_description/meshes/530480850.stl
-- Installing: /home/lucasm/assembly_description/install/assembly_description/share/assembly_description/meshes/MD80_HW_2.1_simplified v7_3.stl
-- Installing: /home/lucasm/assembly_description/install/assembly_description/share/assembly_description/meshes/Uproszczony prymityw (29).stl
-- Installing: /home/lucasm/assembly_description/install/assembly_description/share/assembly_description/meshes/Packages_2.stl
-- Installing: /home/lucasm/assembly_description/install/assembly_description/share/assembly_description/meshes/Komponent618.stl
-- Installing: /home/lucasm/assembly_description/install/assembly_description/share/assembly_description/meshes/Uproszczony prymityw (7).stl
-- Installing: /home/lucasm/assembly_description/install/assembly_description/share/assembly_description/meshes/Uproszczony prymityw (29) (1).stl
-- Installing: /home/lucasm/assembly_description/install/assembly_description/share/assembly_description/meshes/Board_2.stl
-- Installing: /home/lucasm/assembly_description/install/assembly_description/share/assembly_description/meshes/Uproszczony prymityw (44) (1).stl
-- Installing: /home/lucasm/assembly_description/install/assembly_description/share/assembly_description/meshes/Uproszczony prymityw (9) (1).stl
-- Installing: /home/lucasm/assembly_description/install/assembly_description/share/assembly_description/meshes/Uproszczony prymityw (37).stl
-- Installing: /home/lucasm/assembly_description/install/assembly_description/share/assembly_description/meshes/MD80_HW_2.1_simplified v1_2.stl
-- Installing: /home/lucasm/assembly_description/install/assembly_description/share/assembly_description/meshes/Board (1)_3.stl
-- Installing: /home/lucasm/assembly_description/install/assembly_description/share/assembly_description/meshes/Uproszczony prymityw (26).stl
-- Installing: /home/lucasm/assembly_description/install/assembly_description/share/assembly_description/meshes/530480650_3.stl
-- Installing: /home/lucasm/assembly_description/install/assembly_description/share/assembly_description/meshes/Uproszczony prymityw (11) (1).stl
-- Installing: /home/lucasm/assembly_description/install/assembly_description/share/assembly_description/meshes/43045-0600_3.stl
-- Installing: /home/lucasm/assembly_description/install/assembly_description/share/assembly_description/meshes/Uproszczony prymityw (16) (1).stl
-- Installing: /home/lucasm/assembly_description/install/assembly_description/share/assembly_description/meshes/Packages_1.stl
-- Installing: /home/lucasm/assembly_description/install/assembly_description/share/assembly_description/meshes/43045-0600 (1)_7.stl
-- Installing: /home/lucasm/assembly_description/install/assembly_description/share/assembly_description/meshes/Uproszczony prymityw (50).stl
-- Installing: /home/lucasm/assembly_description/install/assembly_description/share/assembly_description/meshes/Uproszczony prymityw (40).stl
-- Installing: /home/lucasm/assembly_description/install/assembly_description/share/assembly_description/meshes/43045-0600_5.stl
-- Installing: /home/lucasm/assembly_description/install/assembly_description/share/assembly_description/meshes/Uproszczony prymityw (30).stl
-- Installing: /home/lucasm/assembly_description/install/assembly_description/share/assembly_description/meshes/Uproszczony prymityw (31).stl
-- Installing: /home/lucasm/assembly_description/install/assembly_description/share/assembly_description/meshes/43045-0600 (1)_4.stl
-- Installing: /home/lucasm/assembly_description/install/assembly_description/share/assembly_description/meshes/Uproszczony prymityw (32) (1).stl
-- Installing: /home/lucasm/assembly_description/install/assembly_description/share/assembly_description/meshes/Uproszczony prymityw (3).stl
-- Installing: /home/lucasm/assembly_description/install/assembly_description/share/assembly_description/meshes/Uproszczony prymityw (12).stl
-- Installing: /home/lucasm/assembly_description/install/assembly_description/share/assembly_description/meshes/Uproszczony prymityw (43).stl
-- Installing: /home/lucasm/assembly_description/install/assembly_description/share/assembly_description/meshes/Komponent1_1.stl
-- Installing: /home/lucasm/assembly_description/install/assembly_description/share/assembly_description/meshes/Uproszczony prymityw (14).stl
-- Installing: /home/lucasm/assembly_description/install/assembly_description/share/assembly_description/meshes/Uproszczony prymityw (46) (1).stl
-- Installing: /home/lucasm/assembly_description/install/assembly_description/share/assembly_description/meshes/Uproszczony prymityw (21) (1).stl
-- Installing: /home/lucasm/assembly_description/install/assembly_description/share/assembly_description/meshes/Uproszczony prymityw (18) (1).stl
-- Installing: /home/lucasm/assembly_description/install/assembly_description/share/assembly_description/meshes/43045-0600_7.stl
-- Installing: /home/lucasm/assembly_description/install/assembly_description/share/assembly_description/meshes/Uproszczony prymityw (8) (1).stl
-- Installing: /home/lucasm/assembly_description/install/assembly_description/share/assembly_description/meshes/K.02 AK80-9-V2.1 v1_2.stl
-- Installing: /home/lucasm/assembly_description/install/assembly_description/share/assembly_description/meshes/530480650.stl
-- Installing: /home/lucasm/assembly_description/install/assembly_description/share/assembly_description/urdf
-- Installing: /home/lucasm/assembly_description/install/assembly_description/share/assembly_description/urdf/Assembly.xacro
-- Installing: /home/lucasm/assembly_description/install/assembly_description/share/assembly_description/urdf/Assembly.trans
-- Installing: /home/lucasm/assembly_description/install/assembly_description/share/assembly_description/urdf/robot.urdf
-- Installing: /home/lucasm/assembly_description/install/assembly_description/share/assembly_description/urdf/Assembly.gazebo
-- Installing: /home/lucasm/assembly_description/install/assembly_description/share/assembly_description/urdf/materials.xacro
-- Installing: /home/lucasm/assembly_description/install/assembly_description/share/ament_index/resource_index/package_run_dependencies/assembly_description
-- Installing: /home/lucasm/assembly_description/install/assembly_description/share/ament_index/resource_index/parent_prefix_path/assembly_description
-- Installing: /home/lucasm/assembly_description/install/assembly_description/share/assembly_description/environment/ament_prefix_path.sh
-- Installing: /home/lucasm/assembly_description/install/assembly_description/share/assembly_description/environment/ament_prefix_path.dsv
-- Installing: /home/lucasm/assembly_description/install/assembly_description/share/assembly_description/environment/path.sh
-- Installing: /home/lucasm/assembly_description/install/assembly_description/share/assembly_description/environment/path.dsv
-- Installing: /home/lucasm/assembly_description/install/assembly_description/share/assembly_description/local_setup.bash
-- Installing: /home/lucasm/assembly_description/install/assembly_description/share/assembly_description/local_setup.sh
-- Installing: /home/lucasm/assembly_description/install/assembly_description/share/assembly_description/local_setup.zsh
-- Installing: /home/lucasm/assembly_description/install/assembly_description/share/assembly_description/local_setup.dsv
-- Installing: /home/lucasm/assembly_description/install/assembly_description/share/assembly_description/package.dsv
-- Installing: /home/lucasm/assembly_description/install/assembly_description/share/ament_index/resource_index/packages/assembly_description
-- Installing: /home/lucasm/assembly_description/install/assembly_description/share/assembly_description/cmake/assembly_descriptionConfig.cmake
-- Installing: /home/lucasm/assembly_description/install/assembly_description/share/assembly_description/cmake/assembly_descriptionConfig-version.cmake
-- Installing: /home/lucasm/assembly_description/install/assembly_description/share/assembly_description/package.xml
